\BOOKMARK [1][-]{section.1}{\376\377\000I\000n\000t\000r\000o\000d\000u\000c\000t\000i\000o\000n}{}% 1
\BOOKMARK [2][-]{subsection.1.1}{\376\377\000M\000e\000a\000n}{section.1}% 2
\BOOKMARK [2][-]{subsection.1.2}{\376\377\000M\000e\000d\000i\000a\000n}{section.1}% 3
\BOOKMARK [2][-]{subsection.1.3}{\376\377\000M\000e\000a\000s\000u\000r\000e\000s\000\040\000o\000f\000\040\000S\000p\000r\000e\000a\000d}{section.1}% 4
\BOOKMARK [3][-]{subsubsection.1.3.1}{\376\377\000R\000a\000n\000g\000e}{subsection.1.3}% 5
\BOOKMARK [3][-]{subsubsection.1.3.2}{\376\377\000M\000e\000a\000n\000\040\000D\000e\000v\000i\000a\000t\000i\000o\000n}{subsection.1.3}% 6
\BOOKMARK [3][-]{subsubsection.1.3.3}{\376\377\000V\000a\000r\000i\000a\000n\000c\000e}{subsection.1.3}% 7
\BOOKMARK [3][-]{subsubsection.1.3.4}{\376\377\000S\000t\000a\000n\000d\000a\000r\000d\000\040\000D\000e\000v\000i\000a\000t\000i\000o\000n}{subsection.1.3}% 8
\BOOKMARK [2][-]{subsection.1.4}{\376\377\000D\000e\000a\000l\000i\000n\000g\000\040\000w\000i\000t\000h\000\040\000l\000a\000r\000g\000e\000\040\000S\000a\000m\000p\000l\000e\000s}{section.1}% 9
\BOOKMARK [1][-]{section.2}{\376\377\000B\000e\000l\000l\000\040\000S\000h\000a\000p\000e\000d\000\040\000D\000i\000s\000t\000r\000i\000b\000u\000t\000i\000o\000n\000s}{}% 10
\BOOKMARK [2][-]{subsection.2.1}{\376\377\000T\000h\000e\000\040\000z\000-\000s\000c\000o\000r\000e}{section.2}% 11
\BOOKMARK [1][-]{section.3}{\376\377\000M\000a\000r\000g\000i\000n\000\040\000o\000f\000\040\000E\000r\000r\000o\000r}{}% 12
\BOOKMARK [1][-]{section.4}{\376\377\000C\000o\000n\000f\000i\000d\000e\000n\000c\000e\000\040\000I\000n\000t\000e\000r\000v\000a\000l\000s}{}% 13
\BOOKMARK [2][-]{subsection.4.1}{\376\377\000W\000h\000e\000n\000\040\000M\000e\000a\000n\000\040\000U\000n\000k\000n\000o\000w\000n\000,\000\040\000S\000t\000a\000n\000d\000a\000r\000d\000\040\000D\000e\000v\000i\000a\000t\000i\000o\000n\000\040\000a\000n\000d\000\040\000S\000a\000m\000p\000l\000e\000\040\000S\000i\000z\000e\000\040\000G\000i\000v\000e\000n}{section.4}% 14
\BOOKMARK [2][-]{subsection.4.2}{\376\377\000S\000a\000m\000p\000l\000e\000\040\000M\000e\000a\000n\000\040\000a\000n\000d\000\040\000S\000a\000m\000p\000l\000e\000\040\000S\000t\000a\000n\000d\000a\000r\000d\000\040\000D\000e\000v\000i\000a\000t\000i\000o\000n\000\040\000G\000i\000v\000e\000n}{section.4}% 15
\BOOKMARK [2][-]{subsection.4.3}{\376\377\000B\000i\000n\000o\000m\000i\000a\000l\000\040\000P\000o\000p\000u\000l\000a\000t\000i\000o\000n\000s}{section.4}% 16
\BOOKMARK [1][-]{section.5}{\376\377\000T\000w\000o\000\040\000S\000a\000m\000p\000l\000e\000\040\000P\000r\000o\000b\000l\000e\000m\000s}{}% 17
\BOOKMARK [2][-]{subsection.5.1}{\376\377\000D\000i\000f\000f\000e\000r\000e\000n\000c\000e\000\040\000B\000e\000t\000w\000e\000e\000n\000\040\000P\000o\000p\000u\000l\000a\000t\000i\000o\000n\000\040\000M\000e\000a\000n\000s}{section.5}% 18
\BOOKMARK [2][-]{subsection.5.2}{\376\377\000D\000i\000f\000f\000e\000r\000e\000n\000c\000e\000\040\000B\000e\000t\000w\000e\000e\000n\000\040\000P\000o\000p\000u\000l\000a\000t\000i\000o\000n\000\040\000P\000r\000o\000p\000o\000r\000t\000i\000o\000n\000s}{section.5}% 19
\BOOKMARK [1][-]{section.6}{\376\377\000E\000s\000t\000i\000m\000a\000t\000i\000n\000g\000\040\000T\000h\000e\000\040\000P\000o\000p\000u\000l\000a\000t\000i\000o\000n\000\040\000M\000e\000a\000n}{}% 20
\BOOKMARK [2][-]{subsection.6.1}{\376\377\000E\000s\000t\000i\000m\000a\000t\000i\000n\000g\000\040\000T\000h\000e\000\040\000P\000o\000p\000u\000l\000a\000t\000i\000o\000n\000\040\000M\000e\000a\000n}{section.6}% 21
\BOOKMARK [1][-]{section.7}{\376\377\000P\000o\000o\000l\000e\000d\000\040\000V\000a\000r\000i\000a\000b\000l\000e\000s}{}% 22
\BOOKMARK [2][-]{subsection.7.1}{\376\377\000P\000o\000o\000l\000e\000d\000\040\000V\000a\000r\000i\000a\000n\000c\000e}{section.7}% 23
\BOOKMARK [1][-]{section.8}{\376\377\000H\000y\000p\000o\000t\000h\000e\000s\000i\000s\000\040\000T\000e\000s\000t\000i\000n\000g}{}% 24
\BOOKMARK [2][-]{subsection.8.1}{\376\377\000W\000h\000e\000n\000\040\000t\000o\000\040\000r\000e\000j\000e\000c\000t}{section.8}% 25
\BOOKMARK [3][-]{subsubsection.8.1.1}{\376\377\000C\000r\000i\000t\000i\000c\000a\000l\000\040\000V\000a\000l\000u\000e\000\040\000A\000p\000p\000r\000o\000a\000c\000h}{subsection.8.1}% 26
\BOOKMARK [3][-]{subsubsection.8.1.2}{\376\377\000P\000\040\000V\000a\000l\000u\000e\000\040\000A\000p\000p\000r\000o\000a\000c\000h}{subsection.8.1}% 27
\BOOKMARK [1][-]{section.9}{\376\377\000C\000a\000l\000c\000u\000l\000a\000t\000i\000n\000g\000\040\000T\000e\000s\000t\000\040\000S\000t\000a\000t\000i\000s\000t\000i\000c\000s}{}% 28
\BOOKMARK [2][-]{subsection.9.1}{\376\377\000T\000e\000s\000t\000i\000n\000g\000\040\000O\000n\000e\000\040\000M\000e\000a\000n}{section.9}% 29
\BOOKMARK [2][-]{subsection.9.2}{\376\377\000T\000e\000s\000t\000i\000n\000g\000\040\000O\000n\000e\000\040\000P\000r\000o\000p\000o\000r\000t\000i\000o\000n}{section.9}% 30
